{"message":"test3","level":"error","service":"user-service"}
2019-08-21T11:45:23.635Z [right meow!] error: [object Object]
2019-08-21T11:47:41.379Z [right meow!] error: [object Object]
2019-08-21T11:48:11.029Z [right meow!] error: [object Object]
2019-08-21T11:50:57.155Z [right meow!] error: [object Object]
2019-08-21T11:51:34.134Z [right meow!] error: [object Object]
2019-08-21T11:51:34.134Z [right meow!] error: null
2019-08-21T11:56:00.380Z [right meow!] error: [object Object]
2019-08-21T11:56:00.381Z [right meow!] error: null
2019-08-21T20:38:48.480Z [Mess: ] error: HTTP Error: 401 Authorization Required
2019-08-21T20:38:48.481Z [Mess: ] error: null
2019-08-21T20:41:07.447Z [Mess: ] error: [object Object]
2019-08-21T20:41:07.447Z [Mess: ] error: null
2019-08-21T20:42:12.687Z [Mess: ] error: [object Object]
2019-08-21T20:42:12.687Z [Mess: ] error: null
2019-08-26T08:14:25.230Z [Mess: ] error: HTTP Error: 401 Authorization Required
2019-08-26T08:14:25.230Z [Mess: ] error: null
2019-08-26T08:15:11.898Z [Mess: ] error: HTTP Error: 401 Authorization Required
2019-08-26T08:15:11.898Z [Mess: ] error: null
2019-08-26T08:16:18.062Z [Mess: ] error: HTTP Error: 401 Authorization Required
2019-08-26T08:16:18.062Z [Mess: ] error: null
2019-08-26T08:16:35.023Z [Mess: ] error: HTTP Error: 401 Authorization Required
2019-08-26T08:16:35.023Z [Mess: ] error: null
2019-08-26T08:18:02.931Z [Mess: ] error: HTTP Error: 401 Authorization Required
2019-08-26T08:18:02.931Z [Mess: ] error: null
2019-08-26T08:18:12.531Z [Mess: ] error: HTTP Error: 401 Authorization Required
2019-08-26T08:18:12.531Z [Mess: ] error: null
2019-08-26T08:18:24.932Z [Mess: ] error: HTTP Error: 401 Authorization Required
2019-08-26T08:18:24.932Z [Mess: ] error: null
2019-08-26T08:19:00.712Z [Mess: ] error: HTTP Error: 401 Authorization Required
2019-08-26T08:19:00.712Z [Mess: ] error: null
2019-08-26T08:19:03.367Z [Mess: ] error: HTTP Error: 401 Authorization Required
2019-08-26T08:19:03.367Z [Mess: ] error: null
2019-08-26T08:20:13.556Z [Mess: ] error: HTTP Error: 401 Authorization Required
2019-08-26T08:20:13.556Z [Mess: ] error: null
2019-08-26T08:21:14.483Z [Mess: ] error: HTTP Error: 401 Authorization Required
2019-08-26T08:21:14.484Z [Mess: ] error: null
2019-08-26T08:21:37.838Z [Mess: ] error: [object Object]
2019-08-26T08:21:37.838Z [Mess: ] error: null
2019-08-26T08:22:31.423Z [Mess: ] error: [object Object]
2019-08-26T08:22:31.424Z [Mess: ] error: null
